# JRE version: OpenJDK Runtime Environment Microsoft-8035246 (17.0.8+7) (build 17.0.8+7-LTS)
# Java VM: OpenJDK 64-Bit Server VM Microsoft-8035246 (17.0.8+7-LTS, mixed mode, sharing, tiered, compressed oops, compressed class ptrs, g1 gc, windows-amd64)
GC Precious Log:
 CPUs: 4 total, 4 available
 Memory: 7926M
 Large Page Support: Disabled
 NUMA Support: Disabled
 Compressed Oops: Enabled (32-bit)
 Heap Region Size: 1M
 Heap Min Capacity: 8M
 Heap Initial Capacity: 124M
 Heap Max Capacity: 2G
 Pre-touch: Disabled
 Parallel Workers: 4
 Concurrent Workers: 1
 Concurrent Refinement Workers: 4
 Periodic GC: Disabled
Heap:
 garbage-first heap   total 367616K, used 293434K [0x0000000080000000, 0x0000000100000000)
  region size 1024K, 78 young (79872K), 7 survivors (7168K)
 Metaspace       used 106473K, committed 107968K, reserved 557056K
  class space    used 14856K, committed 15552K, reserved 425984K
GC Heap History (20 events):
Event: 44.413 GC heap before
{Heap before GC invocations=41 (full 0):
 garbage-first heap   total 306176K, used 225610K [0x0000000080000000, 0x0000000100000000)
  region size 1024K, 78 young (79872K), 6 survivors (6144K)
 Metaspace       used 97643K, committed 98816K, reserved 557056K
  class space    used 13735K, committed 14272K, reserved 425984K
}
Event: 44.434 GC heap after
{Heap after GC invocations=42 (full 0):
 garbage-first heap   total 306176K, used 164682K [0x0000000080000000, 0x0000000100000000)
  region size 1024K, 10 young (10240K), 10 survivors (10240K)
 Metaspace       used 97643K, committed 98816K, reserved 557056K
  class space    used 13735K, committed 14272K, reserved 425984K
}
Event: 44.501 GC heap before
{Heap before GC invocations=42 (full 0):
 garbage-first heap   total 306176K, used 168778K [0x0000000080000000, 0x0000000100000000)
  region size 1024K, 14 young (14336K), 10 survivors (10240K)
 Metaspace       used 97674K, committed 98880K, reserved 557056K
  class space    used 13740K, committed 14272K, reserved 425984K
}
Event: 44.522 GC heap after
{Heap after GC invocations=43 (full 0):
 garbage-first heap   total 306176K, used 166062K [0x0000000080000000, 0x0000000100000000)
  region size 1024K, 2 young (2048K), 2 survivors (2048K)
 Metaspace       used 97674K, committed 98880K, reserved 557056K
  class space    used 13740K, committed 14272K, reserved 425984K
}
Event: 44.661 GC heap before
{Heap before GC invocations=43 (full 0):
 garbage-first heap   total 306176K, used 178350K [0x0000000080000000, 0x0000000100000000)
  region size 1024K, 15 young (15360K), 2 survivors (2048K)
 Metaspace       used 97739K, committed 98944K, reserved 557056K
  class space    used 13746K, committed 14272K, reserved 425984K
}
Event: 44.666 GC heap after
{Heap after GC invocations=44 (full 0):
 garbage-first heap   total 306176K, used 167170K [0x0000000080000000, 0x0000000100000000)
  region size 1024K, 3 young (3072K), 3 survivors (3072K)
 Metaspace       used 97739K, committed 98944K, reserved 557056K
  class space    used 13746K, committed 14272K, reserved 425984K
}
Event: 46.171 GC heap before
{Heap before GC invocations=45 (full 0):
 garbage-first heap   total 306176K, used 247042K [0x0000000080000000, 0x0000000100000000)
  region size 1024K, 78 young (79872K), 3 survivors (3072K)
 Metaspace       used 98528K, committed 99840K, reserved 557056K
  class space    used 13842K, committed 14400K, reserved 425984K
}
Event: 46.191 GC heap after
{Heap after GC invocations=46 (full 0):
 garbage-first heap   total 306176K, used 186567K [0x0000000080000000, 0x0000000100000000)
  region size 1024K, 10 young (10240K), 10 survivors (10240K)
 Metaspace       used 98528K, committed 99840K, reserved 557056K
  class space    used 13842K, committed 14400K, reserved 425984K
}
Event: 46.260 GC heap before
{Heap before GC invocations=46 (full 0):
 garbage-first heap   total 306176K, used 190663K [0x0000000080000000, 0x0000000100000000)
  region size 1024K, 14 young (14336K), 10 survivors (10240K)
 Metaspace       used 98550K, committed 99840K, reserved 557056K
  class space    used 13842K, committed 14400K, reserved 425984K
}
Event: 46.275 GC heap after
{Heap after GC invocations=47 (full 0):
 garbage-first heap   total 367616K, used 187187K [0x0000000080000000, 0x0000000100000000)
  region size 1024K, 2 young (2048K), 2 survivors (2048K)
 Metaspace       used 98550K, committed 99840K, reserved 557056K
  class space    used 13842K, committed 14400K, reserved 425984K
}
Event: 48.404 GC heap before
{Heap before GC invocations=47 (full 0):
 garbage-first heap   total 367616K, used 286515K [0x0000000080000000, 0x0000000100000000)
  region size 1024K, 99 young (101376K), 2 survivors (2048K)
 Metaspace       used 103871K, committed 105280K, reserved 557056K
  class space    used 14579K, committed 15232K, reserved 425984K
}
Event: 48.424 GC heap after
{Heap after GC invocations=48 (full 0):
 garbage-first heap   total 367616K, used 195075K [0x0000000080000000, 0x0000000100000000)
  region size 1024K, 9 young (9216K), 9 survivors (9216K)
 Metaspace       used 103871K, committed 105280K, reserved 557056K
  class space    used 14579K, committed 15232K, reserved 425984K
}
Event: 49.742 GC heap before
{Heap before GC invocations=49 (full 0):
 garbage-first heap   total 367616K, used 291331K [0x0000000080000000, 0x0000000100000000)
  region size 1024K, 103 young (105472K), 9 survivors (9216K)
 Metaspace       used 104884K, committed 106240K, reserved 557056K
  class space    used 14663K, committed 15296K, reserved 425984K
}
Event: 49.772 GC heap after
{Heap after GC invocations=50 (full 0):
 garbage-first heap   total 367616K, used 205635K [0x0000000080000000, 0x0000000100000000)
  region size 1024K, 12 young (12288K), 12 survivors (12288K)
 Metaspace       used 104884K, committed 106240K, reserved 557056K
  class space    used 14663K, committed 15296K, reserved 425984K
}
Event: 49.830 GC heap before
{Heap before GC invocations=50 (full 0):
 garbage-first heap   total 367616K, used 210755K [0x0000000080000000, 0x0000000100000000)
  region size 1024K, 17 young (17408K), 12 survivors (12288K)
 Metaspace       used 104906K, committed 106304K, reserved 557056K
  class space    used 14664K, committed 15296K, reserved 425984K
}
Event: 49.849 GC heap after
{Heap after GC invocations=51 (full 0):
 garbage-first heap   total 367616K, used 205936K [0x0000000080000000, 0x0000000100000000)
  region size 1024K, 2 young (2048K), 2 survivors (2048K)
 Metaspace       used 104906K, committed 106304K, reserved 557056K
  class space    used 14664K, committed 15296K, reserved 425984K
}
Event: 51.022 GC heap before
{Heap before GC invocations=51 (full 0):
 garbage-first heap   total 367616K, used 295024K [0x0000000080000000, 0x0000000100000000)
  region size 1024K, 90 young (92160K), 2 survivors (2048K)
 Metaspace       used 105976K, committed 107456K, reserved 557056K
  class space    used 14803K, committed 15488K, reserved 425984K
}
Event: 51.042 GC heap after
{Heap after GC invocations=52 (full 0):
 garbage-first heap   total 367616K, used 212105K [0x0000000080000000, 0x0000000100000000)
  region size 1024K, 8 young (8192K), 8 survivors (8192K)
 Metaspace       used 105976K, committed 107456K, reserved 557056K
  class space    used 14803K, committed 15488K, reserved 425984K
}
Event: 52.547 GC heap before
{Heap before GC invocations=52 (full 0):
 garbage-first heap   total 367616K, used 298121K [0x0000000080000000, 0x0000000100000000)
  region size 1024K, 93 young (95232K), 8 survivors (8192K)
 Metaspace       used 106431K, committed 107904K, reserved 557056K
  class space    used 14856K, committed 15552K, reserved 425984K
}
Event: 52.565 GC heap after
{Heap after GC invocations=53 (full 0):
 garbage-first heap   total 367616K, used 218682K [0x0000000080000000, 0x0000000100000000)
  region size 1024K, 7 young (7168K), 7 survivors (7168K)
 Metaspace       used 106431K, committed 107904K, reserved 557056K
  class space    used 14856K, committed 15552K, reserved 425984K
}

